# Logfile created on 2020-02-20 14:16:16 -0700 by logger.rb/61378
I, [2020-02-20T14:16:16.730746 #25211]  INFO -- : [items - 40fd4906-9618-41d6-8180-2880f3496520]: tmp/spec/40fd4906-9618-41d6-8180-2880f3496520/data/objects/metadata/object_metadata.n3 -- Downloading from http://localhost:3000/aip/v1/items/40fd4906-9618-41d6-8180-2880f3496520 ...
I, [2020-02-20T14:16:16.772527 #25211]  INFO -- : [items - 40fd4906-9618-41d6-8180-2880f3496520]: tmp/spec/40fd4906-9618-41d6-8180-2880f3496520/data/objects/metadata/object_metadata.n3 -- Saved
I, [2020-02-20T14:16:16.772714 #25211]  INFO -- : [items - 40fd4906-9618-41d6-8180-2880f3496520]: tmp/spec/40fd4906-9618-41d6-8180-2880f3496520/data/objects/metadata/files_metadata/file_order.xml -- Downloading from http://localhost:3000/aip/v1/items/40fd4906-9618-41d6-8180-2880f3496520/filesets ...
I, [2020-02-20T14:16:16.777293 #25211]  INFO -- : [items - 40fd4906-9618-41d6-8180-2880f3496520]: tmp/spec/40fd4906-9618-41d6-8180-2880f3496520/data/objects/metadata/files_metadata/file_order.xml -- Saved
I, [2020-02-20T14:16:16.780431 #25211]  INFO -- : [items - 40fd4906-9618-41d6-8180-2880f3496520]: tmp/spec/40fd4906-9618-41d6-8180-2880f3496520/data/objects/files/8cf761ce-5222-405a-aee1-f019f860e4ba/theses.jpg -- Downloading from ./spec/fixtures/storage/k7/hb/k7hb4VEsfoPXTab1W5iB6yXP ...
I, [2020-02-20T14:16:16.780868 #25211]  INFO -- : [items - 40fd4906-9618-41d6-8180-2880f3496520]: tmp/spec/40fd4906-9618-41d6-8180-2880f3496520/data/objects/files/8cf761ce-5222-405a-aee1-f019f860e4ba/theses.jpg -- Saved
I, [2020-02-20T14:16:16.780984 #25211]  INFO -- : [items - 40fd4906-9618-41d6-8180-2880f3496520]: tmp/spec/40fd4906-9618-41d6-8180-2880f3496520/data/logs/files_logs/8cf761ce-5222-405a-aee1-f019f860e4ba/content_fixity_report.n3 -- Downloading from http://localhost:3000/aip/v1/items/40fd4906-9618-41d6-8180-2880f3496520/filesets/8cf761ce-5222-405a-aee1-f019f860e4ba/fixity ...
I, [2020-02-20T14:16:16.783787 #25211]  INFO -- : [items - 40fd4906-9618-41d6-8180-2880f3496520]: tmp/spec/40fd4906-9618-41d6-8180-2880f3496520/data/logs/files_logs/8cf761ce-5222-405a-aee1-f019f860e4ba/content_fixity_report.n3 -- Saved
I, [2020-02-20T14:16:16.783925 #25211]  INFO -- : [items - 40fd4906-9618-41d6-8180-2880f3496520]: tmp/spec/40fd4906-9618-41d6-8180-2880f3496520/data/objects/metadata/files_metadata/8cf761ce-5222-405a-aee1-f019f860e4ba/original_file_metadata.n3 -- Downloading from http://localhost:3000/aip/v1/items/40fd4906-9618-41d6-8180-2880f3496520/filesets/8cf761ce-5222-405a-aee1-f019f860e4ba/original_file ...
I, [2020-02-20T14:16:16.788731 #25211]  INFO -- : [items - 40fd4906-9618-41d6-8180-2880f3496520]: tmp/spec/40fd4906-9618-41d6-8180-2880f3496520/data/objects/metadata/files_metadata/8cf761ce-5222-405a-aee1-f019f860e4ba/original_file_metadata.n3 -- Saved
I, [2020-02-20T14:16:16.789464 #25211]  INFO -- : [items - 40fd4906-9618-41d6-8180-2880f3496520]: tmp/spec/40fd4906-9618-41d6-8180-2880f3496520/data/objects/metadata/files_metadata/8cf761ce-5222-405a-aee1-f019f860e4ba/file_set_metadata.n3 -- Downloading from http://localhost:3000/aip/v1/items/40fd4906-9618-41d6-8180-2880f3496520/filesets/8cf761ce-5222-405a-aee1-f019f860e4ba ...
I, [2020-02-20T14:16:16.797492 #25211]  INFO -- : [items - 40fd4906-9618-41d6-8180-2880f3496520]: tmp/spec/40fd4906-9618-41d6-8180-2880f3496520/data/objects/metadata/files_metadata/8cf761ce-5222-405a-aee1-f019f860e4ba/file_set_metadata.n3 -- Saved
I, [2020-02-20T14:16:16.797777 #25211]  INFO -- : [items - 40fd4906-9618-41d6-8180-2880f3496520]: tmp/spec/40fd4906-9618-41d6-8180-2880f3496520/data/objects/files/3cbc75f9-7bad-4d62-962e-911f911bd70e/image-sample.jpeg -- Downloading from ./spec/fixtures/storage/jf/KQ/jfKQSzhKRHrnfYAVY38htiZo ...
I, [2020-02-20T14:16:16.798050 #25211]  INFO -- : [items - 40fd4906-9618-41d6-8180-2880f3496520]: tmp/spec/40fd4906-9618-41d6-8180-2880f3496520/data/objects/files/3cbc75f9-7bad-4d62-962e-911f911bd70e/image-sample.jpeg -- Saved
I, [2020-02-20T14:16:16.798173 #25211]  INFO -- : [items - 40fd4906-9618-41d6-8180-2880f3496520]: tmp/spec/40fd4906-9618-41d6-8180-2880f3496520/data/logs/files_logs/3cbc75f9-7bad-4d62-962e-911f911bd70e/content_fixity_report.n3 -- Downloading from http://localhost:3000/aip/v1/items/40fd4906-9618-41d6-8180-2880f3496520/filesets/3cbc75f9-7bad-4d62-962e-911f911bd70e/fixity ...
I, [2020-02-20T14:16:16.801304 #25211]  INFO -- : [items - 40fd4906-9618-41d6-8180-2880f3496520]: tmp/spec/40fd4906-9618-41d6-8180-2880f3496520/data/logs/files_logs/3cbc75f9-7bad-4d62-962e-911f911bd70e/content_fixity_report.n3 -- Saved
I, [2020-02-20T14:16:16.801452 #25211]  INFO -- : [items - 40fd4906-9618-41d6-8180-2880f3496520]: tmp/spec/40fd4906-9618-41d6-8180-2880f3496520/data/objects/metadata/files_metadata/3cbc75f9-7bad-4d62-962e-911f911bd70e/original_file_metadata.n3 -- Downloading from http://localhost:3000/aip/v1/items/40fd4906-9618-41d6-8180-2880f3496520/filesets/3cbc75f9-7bad-4d62-962e-911f911bd70e/original_file ...
I, [2020-02-20T14:16:16.804324 #25211]  INFO -- : [items - 40fd4906-9618-41d6-8180-2880f3496520]: tmp/spec/40fd4906-9618-41d6-8180-2880f3496520/data/objects/metadata/files_metadata/3cbc75f9-7bad-4d62-962e-911f911bd70e/original_file_metadata.n3 -- Saved
I, [2020-02-20T14:16:16.804443 #25211]  INFO -- : [items - 40fd4906-9618-41d6-8180-2880f3496520]: tmp/spec/40fd4906-9618-41d6-8180-2880f3496520/data/objects/metadata/files_metadata/3cbc75f9-7bad-4d62-962e-911f911bd70e/file_set_metadata.n3 -- Downloading from http://localhost:3000/aip/v1/items/40fd4906-9618-41d6-8180-2880f3496520/filesets/3cbc75f9-7bad-4d62-962e-911f911bd70e ...
I, [2020-02-20T14:16:16.807524 #25211]  INFO -- : [items - 40fd4906-9618-41d6-8180-2880f3496520]: tmp/spec/40fd4906-9618-41d6-8180-2880f3496520/data/objects/metadata/files_metadata/3cbc75f9-7bad-4d62-962e-911f911bd70e/file_set_metadata.n3 -- Saved
