# Logfile created on 2017-05-25 14:44:12 +0000 by logger.rb/56438
I, [2017-05-25T14:44:12.125455 #20526]  INFO -- : 9p2909328: /gitwork/pushmi_pullyu/tmp/aip_spec/9p2909328/data/objects/metadata/object_metadata.n3 -- fetching from http://www.example.com:8983/fedora/rest/dev/9p/29/09/32/9p2909328 ...
I, [2017-05-25T14:44:12.133126 #20526]  INFO -- : 9p2909328: /gitwork/pushmi_pullyu/tmp/aip_spec/9p2909328/data/objects/metadata/object_metadata.n3 -- saved
I, [2017-05-25T14:44:12.133331 #20526]  INFO -- : 9p2909328: /gitwork/pushmi_pullyu/tmp/aip_spec/9p2909328/data/logs/content_fixity_report.n3 -- fetching from http://www.example.com:8983/fedora/rest/dev/9p/29/09/32/9p2909328/content/fcr:fixity ...
I, [2017-05-25T14:44:12.135843 #20526]  INFO -- : 9p2909328: /gitwork/pushmi_pullyu/tmp/aip_spec/9p2909328/data/logs/content_fixity_report.n3 -- saved
I, [2017-05-25T14:44:12.136048 #20526]  INFO -- : 9p2909328: /gitwork/pushmi_pullyu/tmp/aip_spec/9p2909328/data/objects/metadata/content_fcr_metadata.n3 -- fetching from http://www.example.com:8983/fedora/rest/dev/9p/29/09/32/9p2909328/content/fcr:metadata ...
I, [2017-05-25T14:44:12.138613 #20526]  INFO -- : 9p2909328: /gitwork/pushmi_pullyu/tmp/aip_spec/9p2909328/data/objects/metadata/content_fcr_metadata.n3 -- saved
I, [2017-05-25T14:44:12.138805 #20526]  INFO -- : 9p2909328: /gitwork/pushmi_pullyu/tmp/aip_spec/9p2909328/data/objects/metadata/content_versions.n3 -- fetching from http://www.example.com:8983/fedora/rest/dev/9p/29/09/32/9p2909328/content/fcr:versions ...
I, [2017-05-25T14:44:12.141411 #20526]  INFO -- : 9p2909328: /gitwork/pushmi_pullyu/tmp/aip_spec/9p2909328/data/objects/metadata/content_versions.n3 -- saved
I, [2017-05-25T14:44:12.141606 #20526]  INFO -- : 9p2909328: /gitwork/pushmi_pullyu/tmp/aip_spec/9p2909328/data/thumbnails/thumbnail -- fetching from http://www.example.com:8983/fedora/rest/dev/9p/29/09/32/9p2909328/thumbnail ...
I, [2017-05-25T14:44:12.143990 #20526]  INFO -- : 9p2909328: /gitwork/pushmi_pullyu/tmp/aip_spec/9p2909328/data/thumbnails/thumbnail -- saved
I, [2017-05-25T14:44:12.144182 #20526]  INFO -- : 9p2909328: /gitwork/pushmi_pullyu/tmp/aip_spec/9p2909328/data/logs/content_characterization.n3 -- fetching from http://www.example.com:8983/fedora/rest/dev/9p/29/09/32/9p2909328/characterization ...
I, [2017-05-25T14:44:12.146657 #20526]  INFO -- : 9p2909328: /gitwork/pushmi_pullyu/tmp/aip_spec/9p2909328/data/logs/content_characterization.n3 -- saved
I, [2017-05-25T14:44:12.146851 #20526]  INFO -- : 9p2909328: /gitwork/pushmi_pullyu/tmp/aip_spec/9p2909328/data/objects/metadata/fedora3foxml.xml -- fetching from http://www.example.com:8983/fedora/rest/dev/9p/29/09/32/9p2909328/fedora3foxml ...
I, [2017-05-25T14:44:12.149237 #20526]  INFO -- : 9p2909328: /gitwork/pushmi_pullyu/tmp/aip_spec/9p2909328/data/objects/metadata/fedora3foxml.xml -- not_found
I, [2017-05-25T14:44:12.149422 #20526]  INFO -- : 9p2909328: /gitwork/pushmi_pullyu/tmp/aip_spec/9p2909328/data/objects/metadata/fedora3foxml.n3 -- fetching from http://www.example.com:8983/fedora/rest/dev/9p/29/09/32/9p2909328/fedora3foxml/fcr:metadata ...
I, [2017-05-25T14:44:12.151889 #20526]  INFO -- : 9p2909328: /gitwork/pushmi_pullyu/tmp/aip_spec/9p2909328/data/objects/metadata/fedora3foxml.n3 -- not_found
I, [2017-05-25T14:44:12.230713 #20526]  INFO -- : 9p2909328: /gitwork/pushmi_pullyu/tmp/aip_spec/9p2909328/data/objects/whatever.pdf -- fetching from http://www.example.com:8983/fedora/rest/dev/9p/29/09/32/9p2909328/content ...
I, [2017-05-25T14:44:12.236411 #20526]  INFO -- : 9p2909328: /gitwork/pushmi_pullyu/tmp/aip_spec/9p2909328/data/objects/whatever.pdf -- saved
I, [2017-05-25T14:44:12.239749 #20526]  INFO -- : 9p2909328: /gitwork/pushmi_pullyu/tmp/aip_spec/9p2909328/data/objects/metadata/permission_ffd40638-290a-41f7-bcb2-4e0e54fc3ffd.n3 -- fetching from http://www.example.com:8983/fedora/rest/dev/ff/d4/06/38/ffd40638-290a-41f7-bcb2-4e0e54fc3ffd ...
I, [2017-05-25T14:44:12.242377 #20526]  INFO -- : 9p2909328: /gitwork/pushmi_pullyu/tmp/aip_spec/9p2909328/data/objects/metadata/permission_ffd40638-290a-41f7-bcb2-4e0e54fc3ffd.n3 -- saved
I, [2017-05-25T14:44:12.242590 #20526]  INFO -- : 9p2909328: /gitwork/pushmi_pullyu/tmp/aip_spec/9p2909328/data/objects/metadata/permission_ef4319c0-2f7a-44c0-b1b5-cd650aa4a075.n3 -- fetching from http://www.example.com:8983/fedora/rest/dev/ef/43/19/c0/ef4319c0-2f7a-44c0-b1b5-cd650aa4a075 ...
I, [2017-05-25T14:44:12.245188 #20526]  INFO -- : 9p2909328: /gitwork/pushmi_pullyu/tmp/aip_spec/9p2909328/data/objects/metadata/permission_ef4319c0-2f7a-44c0-b1b5-cd650aa4a075.n3 -- saved
I, [2017-05-25T14:44:12.245404 #20526]  INFO -- : 9p2909328: /gitwork/pushmi_pullyu/tmp/aip_spec/9p2909328/data/objects/metadata/permission_e1910293-34b3-42bb-9179-f67f37eb145e.n3 -- fetching from http://www.example.com:8983/fedora/rest/dev/e1/91/02/93/e1910293-34b3-42bb-9179-f67f37eb145e ...
I, [2017-05-25T14:44:12.247959 #20526]  INFO -- : 9p2909328: /gitwork/pushmi_pullyu/tmp/aip_spec/9p2909328/data/objects/metadata/permission_e1910293-34b3-42bb-9179-f67f37eb145e.n3 -- saved
