# Logfile created on 2018-03-19 15:25:54 -0600 by logger.rb/56815
I, [2018-03-19T15:25:54.849868 #32469]  INFO -- : 6841cece-41f1-4edf-ab9a-59459a127c77: /tmp/aip/6841cece-41f1-4edf-ab9a-59459a127c77/data/objects/metadata/object_metadata.n3 -- fetching from http://localhost:8080/fcrepo/rest/dev/68/41/ce/ce/6841cece-41f1-4edf-ab9a-59459a127c77 ...
I, [2018-03-19T15:25:55.074254 #32469]  INFO -- : 6841cece-41f1-4edf-ab9a-59459a127c77: /tmp/aip/6841cece-41f1-4edf-ab9a-59459a127c77/data/objects/metadata/object_metadata.n3 -- saved
I, [2018-03-19T15:25:55.124696 #32469]  INFO -- : 6841cece-41f1-4edf-ab9a-59459a127c77: /tmp/aip/6841cece-41f1-4edf-ab9a-59459a127c77/data/objects/metadata/files_metadata/856444b6-8dd5-4dfa-857d-435e354a2ead/file_set_metadata.n3 -- fetching from http://localhost:8080/fcrepo/rest/dev/85/64/44/b6/856444b6-8dd5-4dfa-857d-435e354a2ead ...
I, [2018-03-19T15:25:55.163497 #32469]  INFO -- : 6841cece-41f1-4edf-ab9a-59459a127c77: /tmp/aip/6841cece-41f1-4edf-ab9a-59459a127c77/data/objects/metadata/files_metadata/856444b6-8dd5-4dfa-857d-435e354a2ead/file_set_metadata.n3 -- saved
I, [2018-03-19T15:25:55.173367 #32469]  INFO -- : 6841cece-41f1-4edf-ab9a-59459a127c77: /tmp/aip/6841cece-41f1-4edf-ab9a-59459a127c77/data/objects/metadata/files_metadata/856444b6-8dd5-4dfa-857d-435e354a2ead/original_file_metadata.n3 -- fetching from http://localhost:8080/fcrepo/rest/dev/85/64/44/b6/856444b6-8dd5-4dfa-857d-435e354a2ead/files/e1bc671b-b3ce-4f9f-9596-df3cad1d84bb/fcr:metadata ...
I, [2018-03-19T15:25:55.177168 #32469]  INFO -- : 6841cece-41f1-4edf-ab9a-59459a127c77: /tmp/aip/6841cece-41f1-4edf-ab9a-59459a127c77/data/objects/metadata/files_metadata/856444b6-8dd5-4dfa-857d-435e354a2ead/original_file_metadata.n3 -- saved
I, [2018-03-19T15:25:55.192042 #32469]  INFO -- : 6841cece-41f1-4edf-ab9a-59459a127c77: /tmp/aip/6841cece-41f1-4edf-ab9a-59459a127c77/data/objects/metadata/files_metadata/856444b6-8dd5-4dfa-857d-435e354a2ead/original_file_metadata.n3 -- fetching from http://localhost:8080/fcrepo/rest/dev/85/64/44/b6/856444b6-8dd5-4dfa-857d-435e354a2ead/files/04bb7928-cc5d-4338-8062-3209274b29da/fcr:metadata ...
I, [2018-03-19T15:25:55.196054 #32469]  INFO -- : 6841cece-41f1-4edf-ab9a-59459a127c77: /tmp/aip/6841cece-41f1-4edf-ab9a-59459a127c77/data/objects/metadata/files_metadata/856444b6-8dd5-4dfa-857d-435e354a2ead/original_file_metadata.n3 -- saved
I, [2018-03-19T15:25:55.224521 #32469]  INFO -- : 6841cece-41f1-4edf-ab9a-59459a127c77: /tmp/aip/6841cece-41f1-4edf-ab9a-59459a127c77/data/objects/files/856444b6-8dd5-4dfa-857d-435e354a2ead/era-logo.png -- fetching from http://localhost:8080/fcrepo/rest/dev/85/64/44/b6/856444b6-8dd5-4dfa-857d-435e354a2ead/files/04bb7928-cc5d-4338-8062-3209274b29da ...
I, [2018-03-19T15:25:55.226876 #32469]  INFO -- : 6841cece-41f1-4edf-ab9a-59459a127c77: /tmp/aip/6841cece-41f1-4edf-ab9a-59459a127c77/data/objects/files/856444b6-8dd5-4dfa-857d-435e354a2ead/era-logo.png -- saved
I, [2018-03-19T15:25:55.226973 #32469]  INFO -- : 6841cece-41f1-4edf-ab9a-59459a127c77: /tmp/aip/6841cece-41f1-4edf-ab9a-59459a127c77/data/logs/files_logs/856444b6-8dd5-4dfa-857d-435e354a2ead/content_fixity_report.n3 -- fetching from http://localhost:8080/fcrepo/rest/dev/85/64/44/b6/856444b6-8dd5-4dfa-857d-435e354a2ead/files/04bb7928-cc5d-4338-8062-3209274b29da/fcr:fixity ...
I, [2018-03-19T15:25:55.229338 #32469]  INFO -- : 6841cece-41f1-4edf-ab9a-59459a127c77: /tmp/aip/6841cece-41f1-4edf-ab9a-59459a127c77/data/logs/files_logs/856444b6-8dd5-4dfa-857d-435e354a2ead/content_fixity_report.n3 -- saved
I, [2018-03-19T15:25:55.229559 #32469]  INFO -- : 6841cece-41f1-4edf-ab9a-59459a127c77: /tmp/aip/6841cece-41f1-4edf-ab9a-59459a127c77/data/objects/metadata/files_metadata/837977d6-de61-49ea-a912-a65af5c9005e/file_set_metadata.n3 -- fetching from http://localhost:8080/fcrepo/rest/dev/83/79/77/d6/837977d6-de61-49ea-a912-a65af5c9005e ...
I, [2018-03-19T15:25:55.267283 #32469]  INFO -- : 6841cece-41f1-4edf-ab9a-59459a127c77: /tmp/aip/6841cece-41f1-4edf-ab9a-59459a127c77/data/objects/metadata/files_metadata/837977d6-de61-49ea-a912-a65af5c9005e/file_set_metadata.n3 -- saved
I, [2018-03-19T15:25:55.278070 #32469]  INFO -- : 6841cece-41f1-4edf-ab9a-59459a127c77: /tmp/aip/6841cece-41f1-4edf-ab9a-59459a127c77/data/objects/metadata/files_metadata/837977d6-de61-49ea-a912-a65af5c9005e/original_file_metadata.n3 -- fetching from http://localhost:8080/fcrepo/rest/dev/83/79/77/d6/837977d6-de61-49ea-a912-a65af5c9005e/files/956ee84b-ef1a-4e1e-955e-0707e34df4b8/fcr:metadata ...
I, [2018-03-19T15:25:55.282213 #32469]  INFO -- : 6841cece-41f1-4edf-ab9a-59459a127c77: /tmp/aip/6841cece-41f1-4edf-ab9a-59459a127c77/data/objects/metadata/files_metadata/837977d6-de61-49ea-a912-a65af5c9005e/original_file_metadata.n3 -- saved
I, [2018-03-19T15:25:55.311343 #32469]  INFO -- : 6841cece-41f1-4edf-ab9a-59459a127c77: /tmp/aip/6841cece-41f1-4edf-ab9a-59459a127c77/data/objects/files/837977d6-de61-49ea-a912-a65af5c9005e/image-sample.jpeg -- fetching from http://localhost:8080/fcrepo/rest/dev/83/79/77/d6/837977d6-de61-49ea-a912-a65af5c9005e/files/956ee84b-ef1a-4e1e-955e-0707e34df4b8 ...
I, [2018-03-19T15:25:55.313634 #32469]  INFO -- : 6841cece-41f1-4edf-ab9a-59459a127c77: /tmp/aip/6841cece-41f1-4edf-ab9a-59459a127c77/data/objects/files/837977d6-de61-49ea-a912-a65af5c9005e/image-sample.jpeg -- saved
I, [2018-03-19T15:25:55.313742 #32469]  INFO -- : 6841cece-41f1-4edf-ab9a-59459a127c77: /tmp/aip/6841cece-41f1-4edf-ab9a-59459a127c77/data/logs/files_logs/837977d6-de61-49ea-a912-a65af5c9005e/content_fixity_report.n3 -- fetching from http://localhost:8080/fcrepo/rest/dev/83/79/77/d6/837977d6-de61-49ea-a912-a65af5c9005e/files/956ee84b-ef1a-4e1e-955e-0707e34df4b8/fcr:fixity ...
I, [2018-03-19T15:25:55.316106 #32469]  INFO -- : 6841cece-41f1-4edf-ab9a-59459a127c77: /tmp/aip/6841cece-41f1-4edf-ab9a-59459a127c77/data/logs/files_logs/837977d6-de61-49ea-a912-a65af5c9005e/content_fixity_report.n3 -- saved
I, [2018-03-19T15:25:55.316328 #32469]  INFO -- : 6841cece-41f1-4edf-ab9a-59459a127c77: /tmp/aip/6841cece-41f1-4edf-ab9a-59459a127c77/data/objects/metadata/files_metadata/01bb1b09-974d-478b-8826-2c606a447606/file_set_metadata.n3 -- fetching from http://localhost:8080/fcrepo/rest/dev/01/bb/1b/09/01bb1b09-974d-478b-8826-2c606a447606 ...
I, [2018-03-19T15:25:55.354159 #32469]  INFO -- : 6841cece-41f1-4edf-ab9a-59459a127c77: /tmp/aip/6841cece-41f1-4edf-ab9a-59459a127c77/data/objects/metadata/files_metadata/01bb1b09-974d-478b-8826-2c606a447606/file_set_metadata.n3 -- saved
I, [2018-03-19T15:25:55.364942 #32469]  INFO -- : 6841cece-41f1-4edf-ab9a-59459a127c77: /tmp/aip/6841cece-41f1-4edf-ab9a-59459a127c77/data/objects/metadata/files_metadata/01bb1b09-974d-478b-8826-2c606a447606/original_file_metadata.n3 -- fetching from http://localhost:8080/fcrepo/rest/dev/01/bb/1b/09/01bb1b09-974d-478b-8826-2c606a447606/files/8b26afd3-0f72-4241-87d4-830f0bbdf58c/fcr:metadata ...
I, [2018-03-19T15:25:55.369202 #32469]  INFO -- : 6841cece-41f1-4edf-ab9a-59459a127c77: /tmp/aip/6841cece-41f1-4edf-ab9a-59459a127c77/data/objects/metadata/files_metadata/01bb1b09-974d-478b-8826-2c606a447606/original_file_metadata.n3 -- saved
I, [2018-03-19T15:25:55.398452 #32469]  INFO -- : 6841cece-41f1-4edf-ab9a-59459a127c77: /tmp/aip/6841cece-41f1-4edf-ab9a-59459a127c77/data/objects/files/01bb1b09-974d-478b-8826-2c606a447606/theses.jpg -- fetching from http://localhost:8080/fcrepo/rest/dev/01/bb/1b/09/01bb1b09-974d-478b-8826-2c606a447606/files/8b26afd3-0f72-4241-87d4-830f0bbdf58c ...
I, [2018-03-19T15:25:55.400813 #32469]  INFO -- : 6841cece-41f1-4edf-ab9a-59459a127c77: /tmp/aip/6841cece-41f1-4edf-ab9a-59459a127c77/data/objects/files/01bb1b09-974d-478b-8826-2c606a447606/theses.jpg -- saved
I, [2018-03-19T15:25:55.400923 #32469]  INFO -- : 6841cece-41f1-4edf-ab9a-59459a127c77: /tmp/aip/6841cece-41f1-4edf-ab9a-59459a127c77/data/logs/files_logs/01bb1b09-974d-478b-8826-2c606a447606/content_fixity_report.n3 -- fetching from http://localhost:8080/fcrepo/rest/dev/01/bb/1b/09/01bb1b09-974d-478b-8826-2c606a447606/files/8b26afd3-0f72-4241-87d4-830f0bbdf58c/fcr:fixity ...
I, [2018-03-19T15:25:55.403282 #32469]  INFO -- : 6841cece-41f1-4edf-ab9a-59459a127c77: /tmp/aip/6841cece-41f1-4edf-ab9a-59459a127c77/data/logs/files_logs/01bb1b09-974d-478b-8826-2c606a447606/content_fixity_report.n3 -- saved
